<?xml version="1.0" encoding="UTF-8"?>
<!-- Generated by org.testng.reporters.JUnitXMLReporter -->
<testsuite hostname="HW1916" name="Test-HomePage-firefox" tests="1" failures="1" timestamp="3 Oct 2017 10:19:42 GMT" time="25.048" errors="0">
  <testcase name="GS1_HomePage" time="0.967" classname="com.web.poc.script.GS1_HomePage">
    <failure type="java.lang.AssertionError" message="Test Case Failed because - Failed to Logout from GS1">
      <![CDATA[java.lang.AssertionError: Test Case Failed because - Failed to Logout from GS1
	at com.web.poc.script.GS1_HomePage.TestCaseStatus(GS1_HomePage.java:32)
	at com.web.poc.script.GS1_HomePage.GS1_HomePage(GS1_HomePage.java:101)
	at java.util.concurrent.FutureTask.run(Unknown Source)
	at java.util.concurrent.ThreadPoolExecutor.runWorker(Unknown Source)
	at java.util.concurrent.ThreadPoolExecutor$Worker.run(Unknown Source)
	at java.lang.Thread.run(Unknown Source)
... Removed 17 stack frames]]>
    </failure>
  </testcase> <!-- GS1_HomePage -->
</testsuite> <!-- Test-HomePage-firefox -->
