<?xml version="1.0" encoding="UTF-8"?>
<!-- Generated by org.testng.reporters.JUnitXMLReporter -->
<testsuite hostname="HW1916" name="Test-firefox-Web" tests="2" failures="1" timestamp="3 Oct 2017 08:54:16 GMT" time="35.863" errors="0">
  <testcase name="@BeforeMethod beforeMethod" time="0.0" classname="com.web.poc.script.GS1_Login">
    <failure type="java.lang.NullPointerException">
      <![CDATA[java.lang.NullPointerException
	at com.web.automation.accelerators.TestEngineWeb.beforeMethod(TestEngineWeb.java:987)
	at java.util.concurrent.FutureTask.run(Unknown Source)
	at java.util.concurrent.ThreadPoolExecutor.runWorker(Unknown Source)
	at java.util.concurrent.ThreadPoolExecutor$Worker.run(Unknown Source)
	at java.lang.Thread.run(Unknown Source)
... Removed 18 stack frames]]>
    </failure>
  </testcase> <!-- @BeforeMethod beforeMethod -->
  <testcase name="GS1_Login" time="0.001" classname="com.web.poc.script.GS1_Login">
    <skipped/>
  </testcase> <!-- GS1_Login -->
  <testcase name="GS1_Login" time="0.418" classname="com.web.poc.script.GS1_Login">
    <failure type="java.lang.NullPointerException">
      <![CDATA[java.lang.NullPointerException
	at com.web.automation.listeners.ExecutionListener.onTestSkipped(ExecutionListener.java:77)
	at java.util.concurrent.FutureTask.run(Unknown Source)
	at java.util.concurrent.ThreadPoolExecutor.runWorker(Unknown Source)
	at java.util.concurrent.ThreadPoolExecutor$Worker.run(Unknown Source)
	at java.lang.Thread.run(Unknown Source)
... Removed 13 stack frames]]>
    </failure>
  </testcase> <!-- GS1_Login -->
</testsuite> <!-- Test-firefox-Web -->
