<?xml version="1.0" encoding="UTF-8"?>
<!-- Generated by org.testng.reporters.JUnitXMLReporter -->
<testsuite hostname="CIGAULP-1316" ignored="0" name="Test-Login-Chrome" tests="1" failures="0" timestamp="13 Dec 2017 08:27:37 GMT" time="216.022" errors="0">
  <testcase name="HN_Script_Execution" time="155.642" classname="com.web.automation.scripts.HN_Script"/>
</testsuite> <!-- Test-Login-Chrome -->
