<?xml version="1.0" encoding="UTF-8"?>
<!-- Generated by org.testng.reporters.JUnitXMLReporter -->
<testsuite hostname="CIGAULP-1316" ignored="0" name="Test-Login-Chrome" tests="1" failures="0" timestamp="09 Feb 2018 12:46:56 GMT" time="190.68" errors="0">
  <testcase name="HN_Script_Execution" time="136.748" classname="com.web.automation.scripts.HN_Script_Updated"/>
</testsuite> <!-- Test-Login-Chrome -->
