<?xml version="1.0" encoding="UTF-8"?>
<!-- Generated by org.testng.reporters.JUnitXMLReporter -->
<testsuite hostname="CIGAULP-1316" ignored="0" name="Test-Login-Chrome" tests="1" failures="1" timestamp="14 Dec 2017 06:00:07 GMT" time="182.061" errors="0">
  <testcase name="HN_Script_Execution" time="94.577" classname="com.web.automation.scripts.HN_Script_Updated">
    <failure type="java.lang.RuntimeException" message="Failed : HTTP error code : 404">
      <![CDATA[java.lang.RuntimeException: Failed : HTTP error code : 404at com.web.automation.pages.HN_Pages_Updated.PostInQAComplete(HN_Pages_Updated.java:241)at com.web.automation.scripts.HN_Script_Updated.HN_Script_Execution(HN_Script_Updated.java:133)... Removed 25 stack frames]]>
    </failure>
  </testcase> <!-- HN_Script_Execution -->
</testsuite> <!-- Test-Login-Chrome -->
