<?xml version="1.0" encoding="UTF-8"?>
<!-- Generated by org.testng.reporters.JUnitXMLReporter -->
<testsuite hostname="CIGAULP-1316" ignored="0" name="Test-Login-Chrome" tests="1" failures="0" timestamp="12 Feb 2018 11:31:35 GMT" time="208.03" errors="0">
  <testcase name="HN_Script_Execution" time="150.672" classname="com.web.automation.scripts.HN_Script_Updated"/>
</testsuite> <!-- Test-Login-Chrome -->
