<?xml version="1.0" encoding="UTF-8"?>
<!-- Generated by org.testng.reporters.JUnitXMLReporter -->
<testsuite hostname="CIGAULP-1316" ignored="0" name="Test-Login-Chrome" tests="1" failures="0" timestamp="05 Dec 2017 15:11:38 GMT" time="191.467" errors="0">
  <testcase name="HN_Script_Execution" time="134.506" classname="com.web.automation.scripts.HN_Script"/>
</testsuite> <!-- Test-Login-Chrome -->
