<?xml version="1.0" encoding="UTF-8"?>
<!-- Generated by org.testng.reporters.JUnitXMLReporter -->
<testsuite hostname="CIGAULP-1316" ignored="0" name="Test-Login-Chrome" tests="1" failures="0" timestamp="18 Dec 2017 07:32:53 GMT" time="95.114" errors="0">
  <testcase name="HN_Script_Execution" time="15.543" classname="com.web.automation.scripts.HN_Script_Updated"/>
</testsuite> <!-- Test-Login-Chrome -->
