<?xml version="1.0" encoding="UTF-8"?>
<testsuite xmlns:xsi="http://www.w3.org/2001/XMLSchema-instance" xsi:noNamespaceSchemaLocation="https://maven.apache.org/surefire/maven-surefire-plugin/xsd/surefire-test-report.xsd" name="TestSuite" time="230.377" tests="2" errors="0" skipped="0" failures="0">
  <properties>
    <property name="java.vendor" value="Oracle Corporation"/>
    <property name="JOB_NAME" value="GS"/>
    <property name="sun.java.launcher" value="SUN_STANDARD"/>
    <property name="NUMBER_OF_PROCESSORS" value="4"/>
    <property name="sun.management.compiler" value="HotSpot 64-Bit Tiered Compilers"/>
    <property name="DEFLOGDIR" value="C:\ProgramData\McAfee\Endpoint Security\Logs"/>
    <property name="JENKINS_HOME" value="C:\Users\E001207\.jenkins"/>
    <property name="HUDSON_SERVER_COOKIE" value="d614d8aea3178981"/>
    <property name="POM_ARTIFACTID" value="Cigniti_Selenium_Automation"/>
    <property name="os.name" value="Windows 8.1"/>
    <property name="sun.boot.class.path" value="C:\Program Files\Java\jdk1.8.0_144\jre\lib\resources.jar;C:\Program Files\Java\jdk1.8.0_144\jre\lib\rt.jar;C:\Program Files\Java\jdk1.8.0_144\jre\lib\sunrsasign.jar;C:\Program Files\Java\jdk1.8.0_144\jre\lib\jsse.jar;C:\Program Files\Java\jdk1.8.0_144\jre\lib\jce.jar;C:\Program Files\Java\jdk1.8.0_144\jre\lib\charsets.jar;C:\Program Files\Java\jdk1.8.0_144\jre\lib\jfr.jar;C:\Program Files\Java\jdk1.8.0_144\jre\classes"/>
    <property name="EXECUTOR_NUMBER" value="0"/>
    <property name="TRICENTIS_ALLUSERS_APPDATA" value="c:\ProgramData\TRICENTIS\TOSCA Testsuite\7.0.0"/>
    <property name="sun.desktop" value="windows"/>
    <property name="PATHEXT" value=".COM;.EXE;.BAT;.CMD;.VBS;.VBE;.JS;.JSE;.WSF;.WSH;.MSC"/>
    <property name="java.vm.specification.vendor" value="Oracle Corporation"/>
    <property name="POM_DISPLAYNAME" value="API_Test"/>
    <property name="NODE_LABELS" value="master"/>
    <property name="TEMP" value="C:\Users\E001207\AppData\Local\Temp"/>
    <property name="java.runtime.version" value="1.8.0_144-b01"/>
    <property name="ST_INSTALL_PATH" value="C:\Program Files (x86)\HP\Unified Functional Testing\"/>
    <property name="user.name" value="E001207"/>
    <property name="guice.disable.misplaced.annotation.check" value="true"/>
    <property name="CommonProgramW6432" value="C:\Program Files\Common Files"/>
    <property name="ProgramFiles" value="C:\Program Files"/>
    <property name="PROMPT" value="$P$G"/>
    <property name="TESSDATA_PREFIX" value="c:\Program Files (x86)\TRICENTIS\Tosca Testsuite\ocr"/>
    <property name="user.language" value="en"/>
    <property name="TRICENTIS_PROJECTS" value="c:\Tosca_Projects"/>
    <property name="JOB_BASE_NAME" value="GS"/>
    <property name="RUN_CHANGES_DISPLAY_URL" value="http://unconfigured-jenkins-location/job/GS/4/display/redirect?page=changes"/>
    <property name="BUILD_DISPLAY_NAME" value="#4"/>
    <property name="sun.boot.library.path" value="C:\Program Files\Java\jdk1.8.0_144\jre\bin"/>
    <property name="TRICENTIS_SEARCH" value="c:\Program Files (x86)\TRICENTIS\Tosca Testsuite\dll;c:\Program Files (x86)\TRICENTIS\Tosca Testsuite\dll\GuptaEngine;c:\Program Files (x86)\TRICENTIS\Tosca Testsuite\;c:\Program Files (x86)\TRICENTIS\Tosca Testsuite\dll\DelphiEngine;c:\Program Files (x86)\TRICENTIS\Tosca Testsuite\dll\PBEngine;c:\Program Files (x86)\TRICENTIS\Tosca Testsuite\dll\VBEngine;c:\Program Files (x86)\TRICENTIS\Tosca Testsuite\dll\DotNetHooking;"/>
    <property name="LOCALAPPDATA" value="C:\Users\E001207\AppData\Local"/>
    <property name="java.version" value="1.8.0_144"/>
    <property name="PROCESSOR_LEVEL" value="6"/>
    <property name="user.timezone" value="Asia/Calcutta"/>
    <property name="USERNAME" value="E001207"/>
    <property name="sun.arch.data.model" value="64"/>
    <property name="NODE_NAME" value="master"/>
    <property name="java.endorsed.dirs" value="C:\Program Files\Java\jdk1.8.0_144\jre\lib\endorsed"/>
    <property name="BUILD_ID" value="4"/>
    <property name="sun.cpu.isalist" value="amd64"/>
    <property name="sun.jnu.encoding" value="Cp1252"/>
    <property name="file.encoding.pkg" value="sun.io"/>
    <property name="file.separator" value="\"/>
    <property name="java.specification.name" value="Java Platform API Specification"/>
    <property name="HOMEDRIVE" value="C:"/>
    <property name="java.class.version" value="52.0"/>
    <property name="=::" value="::\"/>
    <property name="org.slf4j.simpleLogger.defaultLogLevel" value="info"/>
    <property name="user.country" value="US"/>
    <property name="ALLUSERSPROFILE" value="C:\ProgramData"/>
    <property name="java.home" value="C:\Program Files\Java\jdk1.8.0_144\jre"/>
    <property name="java.vm.info" value="mixed mode"/>
    <property name="os.version" value="6.3"/>
    <property name="RUN_DISPLAY_URL" value="http://unconfigured-jenkins-location/job/GS/4/display/redirect"/>
    <property name="POM_VERSION" value="0.0.1-SNAPSHOT"/>
    <property name="TMP" value="C:\Users\E001207\AppData\Local\Temp"/>
    <property name="path.separator" value=";"/>
    <property name="java.vm.version" value="25.144-b01"/>
    <property name="user.variant" value=""/>
    <property name="JOB_DISPLAY_URL" value="http://unconfigured-jenkins-location/job/GS/display/redirect"/>
    <property name="CommonProgramFiles(x86)" value="C:\Program Files (x86)\Common Files"/>
    <property name="USERDOMAIN_ROAMINGPROFILE" value="CIGNITIGLOBAL"/>
    <property name="java.awt.printerjob" value="sun.awt.windows.WPrinterJob"/>
    <property name="FP_NO_HOST_CHECK" value="NO"/>
    <property name="JAVA_HOME" value="C:\Program Files\Java\jdk1.8.0_144"/>
    <property name="sun.io.unicode.encoding" value="UnicodeLittle"/>
    <property name="CommonProgramFiles" value="C:\Program Files\Common Files"/>
    <property name="ComSpec" value="C:\Windows\system32\cmd.exe"/>
    <property name="awt.toolkit" value="sun.awt.windows.WToolkit"/>
    <property name="HOMEPATH" value="\Users\E001207"/>
    <property name="USERDNSDOMAIN" value="CIGNITIGLOBAL.COM"/>
    <property name="_classload_hook" value="jvmhook"/>
    <property name="POM_PACKAGING" value="jar"/>
    <property name="user.script" value=""/>
    <property name="COMPUTERNAME" value="HW1430"/>
    <property name="POM_GROUPID" value="Selenium_Automation"/>
    <property name="user.home" value="C:\Users\E001207"/>
    <property name="PUBLIC" value="C:\Users\Public"/>
    <property name="BUILD_TAG" value="jenkins-GS-4"/>
    <property name="JENKINS_SERVER_COOKIE" value="d614d8aea3178981"/>
    <property name="ProgramData" value="C:\ProgramData"/>
    <property name="java.specification.vendor" value="Oracle Corporation"/>
    <property name="USERPROFILE" value="C:\Users\E001207"/>
    <property name="CLASSPATH" value=""/>
    <property name="java.vendor.url" value="http://java.oracle.com/"/>
    <property name="java.library.path" value="C:\Program Files\Java\jdk1.8.0_144\bin;C:\Windows\Sun\Java\bin;C:\Windows\system32;C:\Windows;C:\Users\E001207\.jenkins\tools\hudson.tasks.Maven_MavenInstallation\M2_HOME/bin;C:\Program Files\Java\jdk1.8.0_144/bin;C:\Program Files\Java\jdk1.8.0_144/bin;C:\ProgramData\Oracle\Java\javapath;C:\oraclexe\app\oracle\product\11.2.0\server\bin;c:\Program Files (x86)\TRICENTIS\Tosca Testsuite;c:\Tosca_Projects;c:\Program Files (x86)\TRICENTIS\Tosca Testsuite\dll;c:\Program Files (x86)\TRICENTIS\Tosca Testsuite\dll\GuptaEngine;c:\Program Files (x86)\TRICENTIS\Tosca Testsuite\;c:\Program Files (x86)\TRICENTIS\Tosca Testsuite\dll\DelphiEngine;c:\Program Files (x86)\TRICENTIS\Tosca Testsuite\dll\PBEngine;c:\Program Files (x86)\TRICENTIS\Tosca Testsuite\dll\VBEngine;c:\Program Files (x86)\TRICENTIS\Tosca Testsuite\dll\DotNetHooking;;c:\Program Files (x86)\TRICENTIS\Tosca Testsuite\Resources\Mobile\Tools;C:\Windows\system32;C:\Windows;C:\Windows\System32\Wbem;C:\Windows\System32\WindowsPowerShell\v1.0\;C:\Program Files\TortoiseSVN\bin;C:\apache-maven-3.3.3\bin;C:\Program Files (x86)\HP\Unified Functional Testing\bin;C:\Users\E001207\AppData\Local\GitHubDesktop\bin;C:\Users\E001207\AppData\Local\GitHubDesktop\bin;C:\Users\E001207\AppData\Local\GitHubDesktop\cmd;C:\Program Files\Git\cmd;C:\Program Files\Java\jdk1.8.0_144\bin;C:\apache-maven-3.3.3\bin;C:\Program Files (x86)\Skype\Phone\;."/>
    <property name="java.vm.vendor" value="Oracle Corporation"/>
    <property name="APPDATA" value="C:\Users\E001207\AppData\Roaming"/>
    <property name="SNC_LIB" value="C:\Program Files (x86)\SAP\FrontEnd\SapGui\Encryption\secgss.dll"/>
    <property name="java.runtime.name" value="Java(TM) SE Runtime Environment"/>
    <property name="maven.home" value="C:\Users\E001207\.jenkins\tools\hudson.tasks.Maven_MavenInstallation\M2_HOME"/>
    <property name="java.class.path" value="C:\Users\E001207\.jenkins\plugins\maven-plugin\WEB-INF\lib\maven33-agent-1.11.jar;C:\Users\E001207\.jenkins\tools\hudson.tasks.Maven_MavenInstallation\M2_HOME\boot\plexus-classworlds-2.5.2.jar;C:\Users\E001207\.jenkins\tools\hudson.tasks.Maven_MavenInstallation\M2_HOME/conf/logging"/>
    <property name="sun.java.command" value="jenkins.maven3.agent.Maven33Main C:\Users\E001207\.jenkins\tools\hudson.tasks.Maven_MavenInstallation\M2_HOME C:\Users\E001207\.jenkins\war\WEB-INF\lib\remoting-3.7.jar C:\Users\E001207\.jenkins\plugins\maven-plugin\WEB-INF\lib\maven33-interceptor-1.11.jar C:\Users\E001207\.jenkins\plugins\maven-plugin\WEB-INF\lib\maven3-interceptor-commons-1.11.jar 58078"/>
    <property name="Path" value="C:\Program Files\Java\jdk1.8.0_144/bin;C:\ProgramData\Oracle\Java\javapath;C:\oraclexe\app\oracle\product\11.2.0\server\bin;c:\Program Files (x86)\TRICENTIS\Tosca Testsuite;c:\Tosca_Projects;c:\Program Files (x86)\TRICENTIS\Tosca Testsuite\dll;c:\Program Files (x86)\TRICENTIS\Tosca Testsuite\dll\GuptaEngine;c:\Program Files (x86)\TRICENTIS\Tosca Testsuite\;c:\Program Files (x86)\TRICENTIS\Tosca Testsuite\dll\DelphiEngine;c:\Program Files (x86)\TRICENTIS\Tosca Testsuite\dll\PBEngine;c:\Program Files (x86)\TRICENTIS\Tosca Testsuite\dll\VBEngine;c:\Program Files (x86)\TRICENTIS\Tosca Testsuite\dll\DotNetHooking;;c:\Program Files (x86)\TRICENTIS\Tosca Testsuite\Resources\Mobile\Tools;C:\Windows\system32;C:\Windows;C:\Windows\System32\Wbem;C:\Windows\System32\WindowsPowerShell\v1.0\;C:\Program Files\TortoiseSVN\bin;C:\apache-maven-3.3.3\bin;C:\Program Files (x86)\HP\Unified Functional Testing\bin;C:\Users\E001207\AppData\Local\GitHubDesktop\bin;C:\Users\E001207\AppData\Local\GitHubDesktop\bin;C:\Users\E001207\AppData\Local\GitHubDesktop\cmd;C:\Program Files\Git\cmd;C:\Program Files\Java\jdk1.8.0_144\bin;C:\apache-maven-3.3.3\bin;C:\Program Files (x86)\Skype\Phone\"/>
    <property name="java.vm.specification.name" value="Java Virtual Machine Specification"/>
    <property name="PROCESSOR_ARCHITECTURE" value="AMD64"/>
    <property name="PATH+JDK" value="C:\Program Files\Java\jdk1.8.0_144/bin"/>
    <property name="PROCESSOR_IDENTIFIER" value="Intel64 Family 6 Model 60 Stepping 3, GenuineIntel"/>
    <property name="SESSIONNAME" value="Console"/>
    <property name="java.vm.specification.version" value="1.8"/>
    <property name="MSJAVA_ENABLE_MONITORS" value="1"/>
    <property name="sun.os.patch.level" value=""/>
    <property name="sun.cpu.endian" value="little"/>
    <property name="M2_HOME" value="C:\Users\E001207\.jenkins\tools\hudson.tasks.Maven_MavenInstallation\M2_HOME"/>
    <property name="IBM_JAVA_OPTIONS" value="-Xbootclasspath/a:&quot;C:\Program Files (x86)\HP\Unified Functional Testing\bin\java_shared\classes\jasmine.jar&quot;"/>
    <property name="java.io.tmpdir" value="C:\Users\E001207\AppData\Local\Temp\"/>
    <property name="OS" value="Windows_NT"/>
    <property name="HUDSON_HOME" value="C:\Users\E001207\.jenkins"/>
    <property name="PATH+MAVEN" value="C:\Users\E001207\.jenkins\tools\hudson.tasks.Maven_MavenInstallation\M2_HOME/bin"/>
    <property name="ProgramFiles(x86)" value="C:\Program Files (x86)"/>
    <property name="java.vendor.url.bug" value="http://bugreport.sun.com/bugreport/"/>
    <property name="IWBPath" value="C:\Program Files (x86)\SAP\FrontEnd\iwb"/>
    <property name="java.awt.graphicsenv" value="sun.awt.Win32GraphicsEnvironment"/>
    <property name="os.arch" value="amd64"/>
    <property name="SystemRoot" value="C:\Windows"/>
    <property name="java.ext.dirs" value="C:\Program Files\Java\jdk1.8.0_144\jre\lib\ext;C:\Windows\Sun\Java\lib\ext"/>
    <property name="user.dir" value="C:\Users\E001207\Documents\GS1\GS1"/>
    <property name="TRICENTIS_HOME" value="c:\Program Files (x86)\TRICENTIS\Tosca Testsuite"/>
    <property name="LOGONSERVER" value="\\HYDWVMADS02"/>
    <property name="USERDOMAIN" value="CIGNITIGLOBAL"/>
    <property name="line.separator" value="&#10;"/>
    <property name="MAVEN_HOME" value="C:\Users\E001207\.jenkins\tools\hudson.tasks.Maven_MavenInstallation\M2_HOME"/>
    <property name="java.vm.name" value="Java HotSpot(TM) 64-Bit Server VM"/>
    <property name="BUILD_NUMBER" value="4"/>
    <property name="PROCESSOR_REVISION" value="3c03"/>
    <property name="UATDATA" value="C:\Windows\CCM\UATData\D9F8C395-CAB8-491d-B8AC-179A1FE1BE77"/>
    <property name="ProgramW6432" value="C:\Program Files"/>
    <property name="windir" value="C:\Windows"/>
    <property name="=C:" value="C:\Users\E001207\Documents\Jenkins"/>
    <property name="file.encoding" value="Cp1252"/>
    <property name="GIT_HOME" value="C:\Users\E001207\AppData\Local\GitHubDesktop"/>
    <property name="SystemDrive" value="C:"/>
    <property name="VBOX_INSTALL_PATH" value="C:\Program Files\Oracle\VirtualBox\"/>
    <property name="maven3.interceptor" value="C:\Users\E001207\.jenkins\plugins\maven-plugin\WEB-INF\lib\maven33-interceptor-1.11.jar"/>
    <property name="WORKSPACE" value="C:\Users\E001207\.jenkins\workspace\GS"/>
    <property name="maven3.interceptor.common" value="C:\Users\E001207\.jenkins\plugins\maven-plugin\WEB-INF\lib\maven3-interceptor-commons-1.11.jar"/>
    <property name="java.specification.version" value="1.8"/>
    <property name="PSModulePath" value="C:\Windows\system32\WindowsPowerShell\v1.0\Modules\"/>
    <property name="QT_USE_NATIVE_WINDOWS" value="1"/>
  </properties>
  <testcase name="GS1_Login" classname="com.web.poc.script.GS1_Login" time="41.111"/>
  <testcase name="GS1_HomePage" classname="com.web.poc.script.GS1_HomePage" time="34.957"/>
</testsuite>