<?xml version="1.0" encoding="UTF-8"?>
<!-- Generated by org.testng.reporters.JUnitReportReporter -->
<testsuite skipped="0" hostname="HW2247" name="com.web.automation.scripts.BrokersCase5_VerifyProfileFields" tests="1" failures="0" timestamp="13 Nov 2017 17:44:48 GMT" time="15.899" errors="0">
  <testcase name="brokersCase5_brokerProfileVerifyPrepopFields" time="15.899" classname="com.web.automation.scripts.BrokersCase5_VerifyProfileFields"/>
</testsuite> <!-- com.web.automation.scripts.BrokersCase5_VerifyProfileFields -->
