<?xml version="1.0" encoding="UTF-8"?>
<!-- Generated by org.testng.reporters.JUnitReportReporter -->
<testsuite skipped="0" hostname="HW2247" name="com.web.automation.scripts.BrokersCase4" tests="1" failures="0" timestamp="13 Nov 2017 17:44:48 GMT" time="80.781" errors="0">
  <testcase name="brokersCase4_subscriberBrokerSignUpNegative" time="80.781" classname="com.web.automation.scripts.BrokersCase4"/>
</testsuite> <!-- com.web.automation.scripts.BrokersCase4 -->
