<?xml version="1.0" encoding="UTF-8"?>
<!-- Generated by org.testng.reporters.JUnitReportReporter -->
<testsuite skipped="0" hostname="HW2247" name="com.web.automation.scripts.LeadSubmissionCase21" tests="1" failures="0" timestamp="13 Nov 2017 17:44:48 GMT" time="29.215" errors="0">
  <testcase name="leadSubmissionCase21_submitLead_ChineseGenericPage_Positive" time="29.215" classname="com.web.automation.scripts.LeadSubmissionCase21"/>
</testsuite> <!-- com.web.automation.scripts.LeadSubmissionCase21 -->
