<?xml version="1.0" encoding="UTF-8"?>
<!-- Generated by org.testng.reporters.JUnitReportReporter -->
<testsuite skipped="0" hostname="HW1430" name="com.mobile.automation.scripts.Mobile_Demo" tests="1" failures="0" timestamp="30 Aug 2017 10:21:52 GMT" time="0.008" errors="0">
  <testcase name="sampleMobile" time="0.008" classname="com.mobile.automation.scripts.Mobile_Demo"/>
</testsuite> <!-- com.mobile.automation.scripts.Mobile_Demo -->
