<?xml version="1.0" encoding="UTF-8"?>
<!-- Generated by org.testng.reporters.JUnitReportReporter -->
<testsuite skipped="0" hostname="HW2247" name="com.web.automation.scripts.LeadSubmissionCase18" tests="1" failures="0" timestamp="13 Nov 2017 17:44:48 GMT" time="42.828" errors="0">
  <testcase name="leadSubmissionCase18_submitTeaserLead_FreeHomeLoanChat_Positive" time="42.828" classname="com.web.automation.scripts.LeadSubmissionCase18"/>
</testsuite> <!-- com.web.automation.scripts.LeadSubmissionCase18 -->
