<?xml version="1.0" encoding="UTF-8"?>
<!-- Generated by org.testng.reporters.JUnitReportReporter -->
<testsuite skipped="0" hostname="HW2247" name="com.web.automation.scripts.AutoAssignmentCase3" tests="1" failures="0" timestamp="13 Nov 2017 17:44:48 GMT" time="225.362" errors="0">
  <testcase name="autoAssignmentCase3_submitLead_autoAssignToBroker_invalidPostCode" time="225.362" classname="com.web.automation.scripts.AutoAssignmentCase3"/>
</testsuite> <!-- com.web.automation.scripts.AutoAssignmentCase3 -->
