<?xml version="1.0" encoding="UTF-8"?>
<!-- Generated by org.testng.reporters.JUnitReportReporter -->
<testsuite skipped="0" hostname="HW2247" name="com.web.automation.scripts.AutoAssignmentCase4" tests="1" failures="0" timestamp="13 Nov 2017 17:44:48 GMT" time="134.627" errors="0">
  <testcase name="autoAssignmentCase4_submitLead_autoAssignToBroker_TestFirstName" time="134.627" classname="com.web.automation.scripts.AutoAssignmentCase4"/>
</testsuite> <!-- com.web.automation.scripts.AutoAssignmentCase4 -->
