<?xml version="1.0" encoding="UTF-8"?>
<!-- Generated by org.testng.reporters.JUnitReportReporter -->
<testsuite skipped="0" hostname="HW2247" name="com.web.automation.scripts.AutoAssignmentCase15" tests="1" failures="0" timestamp="13 Nov 2017 17:44:48 GMT" time="218.366" errors="0">
  <testcase name="autoAssignmentCase15_AutoAssign_DealLead_OneContractSigned_Broker_onLeave" time="218.366" classname="com.web.automation.scripts.AutoAssignmentCase15"/>
</testsuite> <!-- com.web.automation.scripts.AutoAssignmentCase15 -->
