<?xml version="1.0" encoding="UTF-8"?>
<!-- Generated by org.testng.reporters.JUnitReportReporter -->
<testsuite skipped="0" hostname="HW2247" name="com.web.automation.scripts.AutoAssignmentCase24" tests="1" failures="0" timestamp="13 Nov 2017 17:44:48 GMT" time="182.058" errors="0">
  <testcase name="AutoAssignmentCase24_AutoAssign_ChineseDealPage" time="182.058" classname="com.web.automation.scripts.AutoAssignmentCase24"/>
</testsuite> <!-- com.web.automation.scripts.AutoAssignmentCase24 -->
