<?xml version="1.0" encoding="UTF-8"?>
<!-- Generated by org.testng.reporters.JUnitReportReporter -->
<testsuite skipped="0" hostname="CIGAULP-1316" name="com.web.automation.scripts.HN_Script_Updated" tests="1" failures="0" timestamp="12 Feb 2018 11:31:37 GMT" time="153.679" errors="0">
  <testcase name="HN_Script_Execution" time="153.679" classname="com.web.automation.scripts.HN_Script_Updated"/>
</testsuite> <!-- com.web.automation.scripts.HN_Script_Updated -->
