<?xml version="1.0" encoding="UTF-8"?>
<!-- Generated by org.testng.reporters.JUnitReportReporter -->
<testsuite skipped="0" hostname="HW2247" name="com.web.automation.scripts.AutoAssignmentCase21" tests="1" failures="0" timestamp="13 Nov 2017 17:44:48 GMT" time="172.182" errors="0">
  <testcase name="autoAssignmentCase21_AutoAssign_DealLead_MultipleBrokersAreAvailable_FewBrokersOnLeaveAndOverdue" time="172.182" classname="com.web.automation.scripts.AutoAssignmentCase21"/>
</testsuite> <!-- com.web.automation.scripts.AutoAssignmentCase21 -->
