<?xml version="1.0" encoding="UTF-8"?>
<!-- Generated by org.testng.reporters.JUnitReportReporter -->
<testsuite skipped="0" hostname="CIGAULP-1316" name="com.web.automation.scripts.HN_Script_Updated" tests="1" failures="0" timestamp="09 Feb 2018 12:46:56 GMT" time="140.072" errors="0">
  <testcase name="HN_Script_Execution" time="140.072" classname="com.web.automation.scripts.HN_Script_Updated"/>
</testsuite> <!-- com.web.automation.scripts.HN_Script_Updated -->
