<?xml version="1.0" encoding="UTF-8"?>
<!-- Generated by org.testng.reporters.JUnitReportReporter -->
<testsuite hostname="HW1916" name="com.web.automation.scripts.BrokersCase5" tests="1" failures="0" timestamp="10 Oct 2017 11:15:38 GMT" time="22.078" errors="0">
  <testcase name="brokerProfileUpdatePositive" time="22.078" classname="com.web.automation.scripts.BrokersCase5"/>
</testsuite> <!-- com.web.automation.scripts.BrokersCase5 -->
