<?xml version="1.0" encoding="UTF-8"?>
<!-- Generated by org.testng.reporters.JUnitReportReporter -->
<testsuite skipped="0" hostname="HW2247" name="com.web.automation.scripts.AutoAssignmentCase18" tests="1" failures="0" timestamp="13 Nov 2017 17:44:48 GMT" time="198.231" errors="0">
  <testcase name="autoAssignmentCase18_AutoAssign_DealLead_MultipleBrokersAreAvailable_LoanAmountLessThan700K_FewBrokersOnLeave" time="198.231" classname="com.web.automation.scripts.AutoAssignmentCase18"/>
</testsuite> <!-- com.web.automation.scripts.AutoAssignmentCase18 -->
