<?xml version="1.0" encoding="UTF-8"?>
<!-- Generated by org.testng.reporters.JUnitReportReporter -->
<testsuite skipped="0" hostname="CIGAULP-1316" name="com.web.automation.scripts.HN_Script" tests="1" failures="0" timestamp="13 Dec 2017 08:27:39 GMT" time="158.005" errors="0">
  <testcase name="HN_Script_Execution" time="158.005" classname="com.web.automation.scripts.HN_Script"/>
</testsuite> <!-- com.web.automation.scripts.HN_Script -->
