<?xml version="1.0" encoding="UTF-8"?>
<!-- Generated by org.testng.reporters.JUnitReportReporter -->
<testsuite skipped="0" hostname="HW2247" name="com.web.automation.scripts.BrokersCase1" tests="1" failures="0" timestamp="13 Nov 2017 17:44:48 GMT" time="122.716" errors="0">
  <testcase name="brokersCase1_brokerSignUpPositive" time="122.716" classname="com.web.automation.scripts.BrokersCase1"/>
</testsuite> <!-- com.web.automation.scripts.BrokersCase1 -->
