<?xml version="1.0" encoding="UTF-8"?>
<!-- Generated by org.testng.reporters.JUnitReportReporter -->
<testsuite skipped="0" hostname="HW2247" name="com.web.automation.scripts.LeadSubmissionCase7" tests="1" failures="0" timestamp="13 Nov 2017 17:44:48 GMT" time="64.090" errors="0">
  <testcase name="leadSubmissionCase7_submitLead_LandingPageReferrerKey_Positive" time="64.090" classname="com.web.automation.scripts.LeadSubmissionCase7"/>
</testsuite> <!-- com.web.automation.scripts.LeadSubmissionCase7 -->
