<?xml version="1.0" encoding="UTF-8"?>
<!-- Generated by org.testng.reporters.JUnitReportReporter -->
<testsuite skipped="0" hostname="CIGAULP-1316" name="com.web.automation.scripts.HN_Script" tests="1" failures="0" timestamp="07 Dec 2017 09:32:54 GMT" time="275.760" errors="0">
  <testcase name="HN_Script_Execution" time="275.760" classname="com.web.automation.scripts.HN_Script"/>
</testsuite> <!-- com.web.automation.scripts.HN_Script -->
