<?xml version="1.0" encoding="UTF-8"?>
<!-- Generated by org.testng.reporters.JUnitReportReporter -->
<testsuite skipped="0" hostname="HW2247" name="com.web.automation.scripts.AutoAssignmentCase19" tests="1" failures="0" timestamp="13 Nov 2017 17:44:48 GMT" time="200.035" errors="0">
  <testcase name="autoAssignmentCase19_AutoAssign_DealLead_MultipleBrokersAreAvailable_FewBrokersOnLeaveAndOverdue" time="200.035" classname="com.web.automation.scripts.AutoAssignmentCase19"/>
</testsuite> <!-- com.web.automation.scripts.AutoAssignmentCase19 -->
