<?xml version="1.0" encoding="UTF-8"?>
<!-- Generated by org.testng.reporters.JUnitReportReporter -->
<testsuite skipped="0" hostname="HW2247" name="com.web.automation.scripts.LeadSubmissionCase6" tests="1" failures="0" timestamp="13 Nov 2017 17:44:48 GMT" time="69.731" errors="0">
  <testcase name="leadSubmissionCase6_submitLead_ContactMe_brokersWallPage_Positive" time="69.731" classname="com.web.automation.scripts.LeadSubmissionCase6"/>
</testsuite> <!-- com.web.automation.scripts.LeadSubmissionCase6 -->
