<?xml version="1.0" encoding="UTF-8"?>
<!-- Generated by org.testng.reporters.JUnitReportReporter -->
<testsuite skipped="0" hostname="HW2247" name="com.web.automation.scripts.BrokersCase5_UpdateProfile" tests="1" failures="0" timestamp="13 Nov 2017 17:44:48 GMT" time="70.331" errors="0">
  <testcase name="brokersCase5_brokerUpdateProfilePage" time="70.331" classname="com.web.automation.scripts.BrokersCase5_UpdateProfile"/>
</testsuite> <!-- com.web.automation.scripts.BrokersCase5_UpdateProfile -->
