<?xml version="1.0" encoding="UTF-8"?>
<!-- Generated by org.testng.reporters.JUnitReportReporter -->
<testsuite skipped="0" hostname="CIGAULP-1316" name="com.web.automation.scripts.HN_Script_Updated" tests="1" failures="0" timestamp="02 Jan 2018 11:26:48 GMT" time="400.838" errors="0">
  <testcase name="HN_Script_Execution" time="400.838" classname="com.web.automation.scripts.HN_Script_Updated"/>
</testsuite> <!-- com.web.automation.scripts.HN_Script_Updated -->
