<?xml version="1.0" encoding="UTF-8"?>
<!-- Generated by org.testng.reporters.JUnitReportReporter -->
<testsuite skipped="0" hostname="HW2247" name="com.web.automation.scripts.LeadSubmissionCase10_2" tests="1" failures="0" timestamp="13 Nov 2017 17:44:48 GMT" time="68.934" errors="0">
  <testcase name="leadSubmissionCase10_2_submitLead_LandingPageReferrerKey_AutoassignOff_Positive" time="68.934" classname="com.web.automation.scripts.LeadSubmissionCase10_2"/>
</testsuite> <!-- com.web.automation.scripts.LeadSubmissionCase10_2 -->
