<?xml version="1.0" encoding="UTF-8"?>
<!-- Generated by org.testng.reporters.JUnitReportReporter -->
<testsuite skipped="0" hostname="HW2247" name="com.web.automation.scripts.LeadSubmissionCase5" tests="1" failures="0" timestamp="13 Nov 2017 17:44:48 GMT" time="68.980" errors="0">
  <testcase name="leadSubmissionCase5_submitLead_brokersWallPage_Positive" time="68.980" classname="com.web.automation.scripts.LeadSubmissionCase5"/>
</testsuite> <!-- com.web.automation.scripts.LeadSubmissionCase5 -->
