<?xml version="1.0" encoding="UTF-8"?>
<!-- Generated by org.testng.reporters.JUnitReportReporter -->
<testsuite skipped="0" hostname="HW2247" name="com.web.automation.scripts.AutoAssignmentCase5" tests="1" failures="0" timestamp="13 Nov 2017 17:44:48 GMT" time="158.418" errors="0">
  <testcase name="autoAssignmentCase5_submitLead_autoAssign_Broker_onLeave" time="158.418" classname="com.web.automation.scripts.AutoAssignmentCase5"/>
</testsuite> <!-- com.web.automation.scripts.AutoAssignmentCase5 -->
