<?xml version="1.0" encoding="UTF-8"?>
<!-- Generated by org.testng.reporters.JUnitReportReporter -->
<testsuite skipped="0" hostname="HW2247" name="com.web.automation.scripts.LeadSubmissionCase10_1" tests="1" failures="0" timestamp="13 Nov 2017 17:44:48 GMT" time="82.216" errors="0">
  <testcase name="leadSubmissionCase10_1_submitLead_allDealsPage_Negative" time="82.216" classname="com.web.automation.scripts.LeadSubmissionCase10_1"/>
</testsuite> <!-- com.web.automation.scripts.LeadSubmissionCase10_1 -->
