<?xml version="1.0" encoding="UTF-8"?>
<!-- Generated by org.testng.reporters.JUnitReportReporter -->
<testsuite skipped="0" hostname="HW2247" name="com.web.automation.scripts.LeadSubmissionCase11" tests="1" failures="0" timestamp="13 Nov 2017 17:44:48 GMT" time="63.850" errors="0">
  <testcase name="leadSubmissionCase11_submitLead_ReferPage_Positive" time="63.850" classname="com.web.automation.scripts.LeadSubmissionCase11"/>
</testsuite> <!-- com.web.automation.scripts.LeadSubmissionCase11 -->
