<?xml version="1.0" encoding="UTF-8"?>
<!-- Generated by org.testng.reporters.JUnitReportReporter -->
<testsuite skipped="0" hostname="HW2247" name="com.web.automation.scripts.LeadSubmissionCase8" tests="1" failures="0" timestamp="13 Nov 2017 17:44:48 GMT" time="64.956" errors="0">
  <testcase name="leadSubmissionCase8_submitLead_FreeHomeLoanEnquiryPage_Positive" time="64.956" classname="com.web.automation.scripts.LeadSubmissionCase8"/>
</testsuite> <!-- com.web.automation.scripts.LeadSubmissionCase8 -->
