<?xml version="1.0" encoding="UTF-8"?>
<!-- Generated by org.testng.reporters.JUnitReportReporter -->
<testsuite hostname="HW1916" name="com.web.poc.script.GS1_HomePage" tests="1" failures="1" timestamp="3 Oct 2017 10:20:01 GMT" time="1.126" errors="0">
  <testcase name="GS1_HomePage" time="1.126" classname="com.web.poc.script.GS1_HomePage">
    <failure type="java.lang.AssertionError" message="Test Case Failed because - Failed to Logout from GS1">
      <![CDATA[java.lang.AssertionError: Test Case Failed because - Failed to Logout from GS1
	at org.testng.Assert.fail(Assert.java:94)
	at com.web.poc.script.GS1_HomePage.TestCaseStatus(GS1_HomePage.java:32)
	at com.web.poc.script.GS1_HomePage.GS1_HomePage(GS1_HomePage.java:101)
	at sun.reflect.NativeMethodAccessorImpl.invoke0(Native Method)
	at sun.reflect.NativeMethodAccessorImpl.invoke(Unknown Source)
	at sun.reflect.DelegatingMethodAccessorImpl.invoke(Unknown Source)
	at java.lang.reflect.Method.invoke(Unknown Source)
	at org.testng.internal.MethodInvocationHelper.invokeMethod(MethodInvocationHelper.java:85)
	at org.testng.internal.Invoker.invokeMethod(Invoker.java:648)
	at org.testng.internal.Invoker.invokeTestMethod(Invoker.java:834)
	at org.testng.internal.Invoker.invokeTestMethods(Invoker.java:1142)
	at org.testng.internal.TestMethodWorker.invokeTestMethods(TestMethodWorker.java:124)
	at org.testng.internal.TestMethodWorker.run(TestMethodWorker.java:108)
	at org.testng.TestRunner.privateRun(TestRunner.java:771)
	at org.testng.TestRunner.run(TestRunner.java:621)
	at org.testng.SuiteRunner.runTest(SuiteRunner.java:357)
	at org.testng.SuiteRunner.access$000(SuiteRunner.java:38)
	at org.testng.SuiteRunner$SuiteWorker.run(SuiteRunner.java:391)
	at org.testng.internal.thread.ThreadUtil$2.call(ThreadUtil.java:64)
	at java.util.concurrent.FutureTask.run(Unknown Source)
	at java.util.concurrent.ThreadPoolExecutor.runWorker(Unknown Source)
	at java.util.concurrent.ThreadPoolExecutor$Worker.run(Unknown Source)
	at java.lang.Thread.run(Unknown Source)
]]>
    </failure>
  </testcase> <!-- GS1_HomePage -->
</testsuite> <!-- com.web.poc.script.GS1_HomePage -->
