<?xml version="1.0" encoding="UTF-8"?>
<!-- Generated by org.testng.reporters.JUnitReportReporter -->
<testsuite hostname="HW1430" name="com.web.poc.script.GS1_Login" tests="1" failures="0" timestamp="30 Aug 2017 16:06:26 GMT" time="48.262" errors="0">
  <testcase name="GS1_Login" time="48.262" classname="com.web.poc.script.GS1_Login"/>
</testsuite> <!-- com.web.poc.script.GS1_Login -->
