<?xml version="1.0" encoding="UTF-8"?>
<!-- Generated by org.testng.reporters.JUnitReportReporter -->
<testsuite hostname="HW1430" name="com.web.poc.script.GS1_HomePage" tests="1" failures="0" timestamp="30 Aug 2017 16:06:26 GMT" time="35.067" errors="0">
  <testcase name="GS1_HomePage" time="35.067" classname="com.web.poc.script.GS1_HomePage"/>
</testsuite> <!-- com.web.poc.script.GS1_HomePage -->
